<?xml version="1.0" encoding="UTF-8"?>
<!-- Generated by org.testng.reporters.JUnitReportReporter -->
<testsuite hostname="RAC-L-9QPYL33" failures="0" tests="8" name="RedbusAutomation.dataprovidertest" time="15.830" errors="1" timestamp="2022-10-28T19:35:50 CDT" skipped="0">
  <testcase classname="RedbusAutomation.dataprovidertest" name="setUp" time="5.174"/>
  <system-out/>
  <testcase classname="RedbusAutomation.dataprovidertest" name="homepageDepatureCheck" time="2.424"/>
  <system-out/>
  <testcase classname="RedbusAutomation.dataprovidertest" name="homepageDepatureCheck" time="2.429"/>
  <system-out/>
  <testcase classname="RedbusAutomation.dataprovidertest" name="homepageDepatureCheck" time="2.407"/>
  <system-out/>
  <testcase classname="RedbusAutomation.dataprovidertest" name="homepageDepatureCheck" time="2.448"/>
  <system-out/>
  <testcase classname="RedbusAutomation.dataprovidertest" name="homepageDepatureCheck" time="0.110">
    <error message="Keys to send should be a not null CharSequence" type="java.lang.IllegalArgumentException">
      <![CDATA[java.lang.IllegalArgumentException: Keys to send should be a not null CharSequence
at org.openqa.selenium.remote.RemoteWebElement.sendKeys(RemoteWebElement.java:98)
at com.redbus.base.BaseUI.sendText(BaseUI.java:69)
at com.redbus.pages.Homepage.depaturecityinHomepage(Homepage.java:32)
at RedbusAutomation.dataprovidertest.homepageDepatureCheck(dataprovidertest.java:29)
at java.base/jdk.internal.reflect.NativeMethodAccessorImpl.invoke0(Native Method)
at java.base/jdk.internal.reflect.NativeMethodAccessorImpl.invoke(NativeMethodAccessorImpl.java:77)
at java.base/jdk.internal.reflect.DelegatingMethodAccessorImpl.invoke(DelegatingMethodAccessorImpl.java:43)
at java.base/java.lang.reflect.Method.invoke(Method.java:568)
at org.testng.internal.invokers.MethodInvocationHelper.invokeMethod(MethodInvocationHelper.java:139)
at org.testng.internal.invokers.TestInvoker.invokeMethod(TestInvoker.java:677)
at org.testng.internal.invokers.TestInvoker.invokeTestMethod(TestInvoker.java:221)
at org.testng.internal.invokers.MethodRunner.runInSequence(MethodRunner.java:50)
at org.testng.internal.invokers.TestInvoker$MethodInvocationAgent.invoke(TestInvoker.java:962)
at org.testng.internal.invokers.TestInvoker.invokeTestMethods(TestInvoker.java:194)
at org.testng.internal.invokers.TestMethodWorker.invokeTestMethods(TestMethodWorker.java:148)
at org.testng.internal.invokers.TestMethodWorker.run(TestMethodWorker.java:128)
at java.base/java.util.ArrayList.forEach(ArrayList.java:1511)
at org.testng.TestRunner.privateRun(TestRunner.java:806)
at org.testng.TestRunner.run(TestRunner.java:601)
at org.testng.SuiteRunner.runTest(SuiteRunner.java:433)
at org.testng.SuiteRunner.runSequentially(SuiteRunner.java:427)
at org.testng.SuiteRunner.privateRun(SuiteRunner.java:387)
at org.testng.SuiteRunner.run(SuiteRunner.java:330)
at org.testng.SuiteRunnerWorker.runSuite(SuiteRunnerWorker.java:52)
at org.testng.SuiteRunnerWorker.run(SuiteRunnerWorker.java:95)
at org.testng.TestNG.runSuitesSequentially(TestNG.java:1256)
at org.testng.TestNG.runSuitesLocally(TestNG.java:1176)
at org.testng.TestNG.runSuites(TestNG.java:1099)
at org.testng.TestNG.run(TestNG.java:1067)
at org.testng.remote.AbstractRemoteTestNG.run(AbstractRemoteTestNG.java:115)
at org.testng.remote.RemoteTestNG.initAndRun(RemoteTestNG.java:251)
at org.testng.remote.RemoteTestNG.main(RemoteTestNG.java:77)
]]>
    </error>
  </testcase> <!-- homepageDepatureCheck -->
  <system-out/>
  <testcase classname="RedbusAutomation.dataprovidertest" name="homepageCalendercheck" time="0.768"/>
  <system-out/>
  <testcase classname="RedbusAutomation.dataprovidertest" name="searchbox" time="0.070"/>
  <system-out/>
</testsuite> <!-- RedbusAutomation.dataprovidertest -->
